2022-12-17 11:58:51.0534||||Microsoft.Hosting.Lifetime|INFO|Now listening on: https://localhost:5001 
2022-12-17 11:58:51.1281||||Microsoft.Hosting.Lifetime|INFO|Now listening on: http://localhost:5000 
2022-12-17 11:58:51.1348||||Microsoft.Hosting.Lifetime|INFO|Application started. Press Ctrl+C to shut down. 
2022-12-17 11:58:51.1348||||Microsoft.Hosting.Lifetime|INFO|Hosting environment: Development 
2022-12-17 11:58:51.1348||||Microsoft.Hosting.Lifetime|INFO|Content root path: C:\Users\User\src\CoffeCup.Web\ 
2022-12-17 11:59:27.4248|Default|00-3192c5cd441dd1b20709c516221364a6-63620fcb4bc9d5a6-00||Microsoft.AspNetCore.Diagnostics.DeveloperExceptionPageMiddleware|ERROR|An unhandled exception has occurred while executing the request. System.Exception: Shape type 'Branding' not found
   at OrchardCore.DisplayManagement.Implementation.DefaultHtmlDisplay.ExecuteAsync(DisplayContext context)
   at OrchardCore.DisplayManagement.Implementation.DefaultHtmlDisplay.ExecuteAsync(DisplayContext context)
   at OrchardCore.DisplayManagement.TagHelpers.BaseShapeTagHelper.ProcessAsync(TagHelperContext tagHelperContext, TagHelperOutput output)
   at Microsoft.AspNetCore.Razor.Runtime.TagHelpers.TagHelperRunner.<RunAsync>g__Awaited|0_0(Task task, TagHelperExecutionContext executionContext, Int32 i, Int32 count)
   at AspNetCoreGeneratedDocument.Views_Layout.<ExecuteAsync>b__14_1() in C:\Users\User\src\Themes\CoffeCup.Theme\Views\Layout.cshtml:line 0
   at Microsoft.AspNetCore.Razor.Runtime.TagHelpers.TagHelperExecutionContext.SetOutputContentAsync()
   at AspNetCoreGeneratedDocument.Views_Layout.ExecuteAsync() in C:\Users\User\src\Themes\CoffeCup.Theme\Views\Layout.cshtml:line 16
   at Microsoft.AspNetCore.Mvc.Razor.RazorView.RenderPageCoreAsync(IRazorPage page, ViewContext context)
   at Microsoft.AspNetCore.Mvc.Razor.RazorView.RenderPageAsync(IRazorPage page, ViewContext context, Boolean invokeViewStarts)
   at Microsoft.AspNetCore.Mvc.Razor.RazorView.RenderAsync(ViewContext context)
   at Microsoft.AspNetCore.Mvc.ViewFeatures.HtmlHelper.RenderPartialCoreAsync(String partialViewName, Object model, ViewDataDictionary viewData, TextWriter writer)
   at Microsoft.AspNetCore.Mvc.ViewFeatures.HtmlHelper.PartialAsync(String partialViewName, Object model, ViewDataDictionary viewData)
   at OrchardCore.DisplayManagement.Implementation.DefaultHtmlDisplay.<ProcessAsync>g__Awaited|11_0(Task`1 task)
   at OrchardCore.DisplayManagement.Implementation.DefaultHtmlDisplay.ExecuteAsync(DisplayContext context)
   at OrchardCore.DisplayManagement.Implementation.DefaultHtmlDisplay.ExecuteAsync(DisplayContext context)
   at OrchardCore.DisplayManagement.Theming.ThemeLayout.ExecuteAsync()
   at Microsoft.AspNetCore.Mvc.Razor.RazorView.RenderPageCoreAsync(IRazorPage page, ViewContext context)
   at Microsoft.AspNetCore.Mvc.Razor.RazorView.RenderPageAsync(IRazorPage page, ViewContext context, Boolean invokeViewStarts)
   at Microsoft.AspNetCore.Mvc.Razor.RazorView.RenderLayoutAsync(ViewContext context, ViewBufferTextWriter bodyWriter)
   at Microsoft.AspNetCore.Mvc.Razor.RazorView.RenderAsync(ViewContext context)
   at Microsoft.AspNetCore.Mvc.ViewFeatures.ViewExecutor.ExecuteAsync(ViewContext viewContext, String contentType, Nullable`1 statusCode)
   at Microsoft.AspNetCore.Mvc.ViewFeatures.ViewExecutor.ExecuteAsync(ViewContext viewContext, String contentType, Nullable`1 statusCode)
   at Microsoft.AspNetCore.Mvc.ViewFeatures.ViewExecutor.ExecuteAsync(ActionContext actionContext, IView view, ViewDataDictionary viewData, ITempDataDictionary tempData, String contentType, Nullable`1 statusCode)
   at Microsoft.AspNetCore.Mvc.ViewFeatures.ViewResultExecutor.ExecuteAsync(ActionContext context, ViewResult result)
   at Microsoft.AspNetCore.Mvc.ViewResult.ExecuteResultAsync(ActionContext context)
   at Microsoft.AspNetCore.Mvc.Infrastructure.ResourceInvoker.<InvokeNextResultFilterAsync>g__Awaited|30_0[TFilter,TFilterAsync](ResourceInvoker invoker, Task lastTask, State next, Scope scope, Object state, Boolean isCompleted)
   at Microsoft.AspNetCore.Mvc.Infrastructure.ResourceInvoker.Rethrow(ResultExecutedContextSealed context)
   at Microsoft.AspNetCore.Mvc.Infrastructure.ResourceInvoker.ResultNext[TFilter,TFilterAsync](State& next, Scope& scope, Object& state, Boolean& isCompleted)
   at Microsoft.AspNetCore.Mvc.Infrastructure.ResourceInvoker.<InvokeResultFilters>g__Awaited|28_0(ResourceInvoker invoker, Task lastTask, State next, Scope scope, Object state, Boolean isCompleted)
   at Microsoft.AspNetCore.Mvc.Infrastructure.ResourceInvoker.<InvokeNextResourceFilter>g__Awaited|25_0(ResourceInvoker invoker, Task lastTask, State next, Scope scope, Object state, Boolean isCompleted)
   at Microsoft.AspNetCore.Mvc.Infrastructure.ResourceInvoker.Rethrow(ResourceExecutedContextSealed context)
   at Microsoft.AspNetCore.Mvc.Infrastructure.ResourceInvoker.Next(State& next, Scope& scope, Object& state, Boolean& isCompleted)
   at Microsoft.AspNetCore.Mvc.Infrastructure.ResourceInvoker.<InvokeFilterPipelineAsync>g__Awaited|20_0(ResourceInvoker invoker, Task lastTask, State next, Scope scope, Object state, Boolean isCompleted)
   at Microsoft.AspNetCore.Mvc.Infrastructure.ResourceInvoker.<InvokeAsync>g__Awaited|17_0(ResourceInvoker invoker, Task task, IDisposable scope)
   at Microsoft.AspNetCore.Mvc.Infrastructure.ResourceInvoker.<InvokeAsync>g__Awaited|17_0(ResourceInvoker invoker, Task task, IDisposable scope)
   at Microsoft.AspNetCore.Routing.EndpointMiddleware.<Invoke>g__AwaitRequestTask|6_0(Endpoint endpoint, Task requestTask, ILogger logger)
   at SixLabors.ImageSharp.Web.Middleware.ImageSharpMiddleware.Invoke(HttpContext httpContext, Boolean retry)
   at Microsoft.AspNetCore.Authorization.AuthorizationMiddleware.Invoke(HttpContext context)
   at OrchardCore.Liquid.ScriptsMiddleware.Invoke(HttpContext httpContext)
   at Microsoft.AspNetCore.Authentication.AuthenticationMiddleware.Invoke(HttpContext context)
   at OrchardCore.Diagnostics.DiagnosticsStartupFilter.<>c__DisplayClass3_0.<<Configure>b__1>d.MoveNext()
--- End of stack trace from previous location ---
   at Microsoft.AspNetCore.Diagnostics.StatusCodePagesMiddleware.Invoke(HttpContext context)
   at OrchardCore.ContentPreview.PreviewStartupFilter.<>c.<<Configure>b__1_1>d.MoveNext()
--- End of stack trace from previous location ---
   at OrchardCore.Modules.ModularTenantRouterMiddleware.Invoke(HttpContext httpContext)
   at OrchardCore.Modules.ModularTenantContainerMiddleware.<>c__DisplayClass4_0.<<Invoke>b__0>d.MoveNext()
--- End of stack trace from previous location ---
   at OrchardCore.Environment.Shell.Scope.ShellScope.UsingAsync(Func`2 execute, Boolean activateShell)
   at OrchardCore.Environment.Shell.Scope.ShellScope.UsingAsync(Func`2 execute, Boolean activateShell)
   at OrchardCore.Environment.Shell.Scope.ShellScope.UsingAsync(Func`2 execute, Boolean activateShell)
   at OrchardCore.Environment.Shell.Scope.ShellScope.UsingAsync(Func`2 execute, Boolean activateShell)
   at OrchardCore.Modules.ModularTenantContainerMiddleware.Invoke(HttpContext httpContext)
   at Microsoft.AspNetCore.Diagnostics.DeveloperExceptionPageMiddleware.Invoke(HttpContext context)    at OrchardCore.DisplayManagement.Implementation.DefaultHtmlDisplay.ExecuteAsync(DisplayContext context)
   at OrchardCore.DisplayManagement.Implementation.DefaultHtmlDisplay.ExecuteAsync(DisplayContext context)
   at OrchardCore.DisplayManagement.TagHelpers.BaseShapeTagHelper.ProcessAsync(TagHelperContext tagHelperContext, TagHelperOutput output)
   at Microsoft.AspNetCore.Razor.Runtime.TagHelpers.TagHelperRunner.<RunAsync>g__Awaited|0_0(Task task, TagHelperExecutionContext executionContext, Int32 i, Int32 count)
   at AspNetCoreGeneratedDocument.Views_Layout.<ExecuteAsync>b__14_1() in C:\Users\User\src\Themes\CoffeCup.Theme\Views\Layout.cshtml:line 0
   at Microsoft.AspNetCore.Razor.Runtime.TagHelpers.TagHelperExecutionContext.SetOutputContentAsync()
   at AspNetCoreGeneratedDocument.Views_Layout.ExecuteAsync() in C:\Users\User\src\Themes\CoffeCup.Theme\Views\Layout.cshtml:line 16
   at Microsoft.AspNetCore.Mvc.Razor.RazorView.RenderPageCoreAsync(IRazorPage page, ViewContext context)
   at Microsoft.AspNetCore.Mvc.Razor.RazorView.RenderPageAsync(IRazorPage page, ViewContext context, Boolean invokeViewStarts)
   at Microsoft.AspNetCore.Mvc.Razor.RazorView.RenderAsync(ViewContext context)
   at Microsoft.AspNetCore.Mvc.ViewFeatures.HtmlHelper.RenderPartialCoreAsync(String partialViewName, Object model, ViewDataDictionary viewData, TextWriter writer)
   at Microsoft.AspNetCore.Mvc.ViewFeatures.HtmlHelper.PartialAsync(String partialViewName, Object model, ViewDataDictionary viewData)
   at OrchardCore.DisplayManagement.Implementation.DefaultHtmlDisplay.<ProcessAsync>g__Awaited|11_0(Task`1 task)
   at OrchardCore.DisplayManagement.Implementation.DefaultHtmlDisplay.ExecuteAsync(DisplayContext context)
   at OrchardCore.DisplayManagement.Implementation.DefaultHtmlDisplay.ExecuteAsync(DisplayContext context)
   at OrchardCore.DisplayManagement.Theming.ThemeLayout.ExecuteAsync()
   at Microsoft.AspNetCore.Mvc.Razor.RazorView.RenderPageCoreAsync(IRazorPage page, ViewContext context)
   at Microsoft.AspNetCore.Mvc.Razor.RazorView.RenderPageAsync(IRazorPage page, ViewContext context, Boolean invokeViewStarts)
   at Microsoft.AspNetCore.Mvc.Razor.RazorView.RenderLayoutAsync(ViewContext context, ViewBufferTextWriter bodyWriter)
   at Microsoft.AspNetCore.Mvc.Razor.RazorView.RenderAsync(ViewContext context)
   at Microsoft.AspNetCore.Mvc.ViewFeatures.ViewExecutor.ExecuteAsync(ViewContext viewContext, String contentType, Nullable`1 statusCode)
   at Microsoft.AspNetCore.Mvc.ViewFeatures.ViewExecutor.ExecuteAsync(ViewContext viewContext, String contentType, Nullable`1 statusCode)
   at Microsoft.AspNetCore.Mvc.ViewFeatures.ViewExecutor.ExecuteAsync(ActionContext actionContext, IView view, ViewDataDictionary viewData, ITempDataDictionary tempData, String contentType, Nullable`1 statusCode)
   at Microsoft.AspNetCore.Mvc.ViewFeatures.ViewResultExecutor.ExecuteAsync(ActionContext context, ViewResult result)
   at Microsoft.AspNetCore.Mvc.ViewResult.ExecuteResultAsync(ActionContext context)
   at Microsoft.AspNetCore.Mvc.Infrastructure.ResourceInvoker.<InvokeNextResultFilterAsync>g__Awaited|30_0[TFilter,TFilterAsync](ResourceInvoker invoker, Task lastTask, State next, Scope scope, Object state, Boolean isCompleted)
   at Microsoft.AspNetCore.Mvc.Infrastructure.ResourceInvoker.Rethrow(ResultExecutedContextSealed context)
   at Microsoft.AspNetCore.Mvc.Infrastructure.ResourceInvoker.ResultNext[TFilter,TFilterAsync](State& next, Scope& scope, Object& state, Boolean& isCompleted)
   at Microsoft.AspNetCore.Mvc.Infrastructure.ResourceInvoker.<InvokeResultFilters>g__Awaited|28_0(ResourceInvoker invoker, Task lastTask, State next, Scope scope, Object state, Boolean isCompleted)
   at Microsoft.AspNetCore.Mvc.Infrastructure.ResourceInvoker.<InvokeNextResourceFilter>g__Awaited|25_0(ResourceInvoker invoker, Task lastTask, State next, Scope scope, Object state, Boolean isCompleted)
   at Microsoft.AspNetCore.Mvc.Infrastructure.ResourceInvoker.Rethrow(ResourceExecutedContextSealed context)
   at Microsoft.AspNetCore.Mvc.Infrastructure.ResourceInvoker.Next(State& next, Scope& scope, Object& state, Boolean& isCompleted)
   at Microsoft.AspNetCore.Mvc.Infrastructure.ResourceInvoker.<InvokeFilterPipelineAsync>g__Awaited|20_0(ResourceInvoker invoker, Task lastTask, State next, Scope scope, Object state, Boolean isCompleted)
   at Microsoft.AspNetCore.Mvc.Infrastructure.ResourceInvoker.<InvokeAsync>g__Awaited|17_0(ResourceInvoker invoker, Task task, IDisposable scope)
   at Microsoft.AspNetCore.Mvc.Infrastructure.ResourceInvoker.<InvokeAsync>g__Awaited|17_0(ResourceInvoker invoker, Task task, IDisposable scope)
   at Microsoft.AspNetCore.Routing.EndpointMiddleware.<Invoke>g__AwaitRequestTask|6_0(Endpoint endpoint, Task requestTask, ILogger logger)
   at SixLabors.ImageSharp.Web.Middleware.ImageSharpMiddleware.Invoke(HttpContext httpContext, Boolean retry)
   at Microsoft.AspNetCore.Authorization.AuthorizationMiddleware.Invoke(HttpContext context)
   at OrchardCore.Liquid.ScriptsMiddleware.Invoke(HttpContext httpContext)
   at Microsoft.AspNetCore.Authentication.AuthenticationMiddleware.Invoke(HttpContext context)
   at OrchardCore.Diagnostics.DiagnosticsStartupFilter.<>c__DisplayClass3_0.<<Configure>b__1>d.MoveNext()
--- End of stack trace from previous location ---
   at Microsoft.AspNetCore.Diagnostics.StatusCodePagesMiddleware.Invoke(HttpContext context)
   at OrchardCore.ContentPreview.PreviewStartupFilter.<>c.<<Configure>b__1_1>d.MoveNext()
--- End of stack trace from previous location ---
   at OrchardCore.Modules.ModularTenantRouterMiddleware.Invoke(HttpContext httpContext)
   at OrchardCore.Modules.ModularTenantContainerMiddleware.<>c__DisplayClass4_0.<<Invoke>b__0>d.MoveNext()
--- End of stack trace from previous location ---
   at OrchardCore.Environment.Shell.Scope.ShellScope.UsingAsync(Func`2 execute, Boolean activateShell)
   at OrchardCore.Environment.Shell.Scope.ShellScope.UsingAsync(Func`2 execute, Boolean activateShell)
   at OrchardCore.Environment.Shell.Scope.ShellScope.UsingAsync(Func`2 execute, Boolean activateShell)
   at OrchardCore.Environment.Shell.Scope.ShellScope.UsingAsync(Func`2 execute, Boolean activateShell)
   at OrchardCore.Modules.ModularTenantContainerMiddleware.Invoke(HttpContext httpContext)
   at Microsoft.AspNetCore.Diagnostics.DeveloperExceptionPageMiddleware.Invoke(HttpContext context)
2022-12-17 11:59:36.2271||||Microsoft.Hosting.Lifetime|INFO|Application is shutting down... 
2022-12-17 11:59:48.4518||||Microsoft.Hosting.Lifetime|INFO|Now listening on: https://localhost:5001 
2022-12-17 11:59:48.5525||||Microsoft.Hosting.Lifetime|INFO|Now listening on: http://localhost:5000 
2022-12-17 11:59:48.5525||||Microsoft.Hosting.Lifetime|INFO|Application started. Press Ctrl+C to shut down. 
2022-12-17 11:59:48.5525||||Microsoft.Hosting.Lifetime|INFO|Hosting environment: Development 
2022-12-17 11:59:48.5689||||Microsoft.Hosting.Lifetime|INFO|Content root path: C:\Users\User\src\CoffeCup.Web\ 
2022-12-17 12:01:10.6888||||Microsoft.Hosting.Lifetime|INFO|Application is shutting down... 
2022-12-17 12:01:21.3775||||Microsoft.Hosting.Lifetime|INFO|Now listening on: https://localhost:5001 
2022-12-17 12:01:21.4738||||Microsoft.Hosting.Lifetime|INFO|Now listening on: http://localhost:5000 
2022-12-17 12:01:21.4738||||Microsoft.Hosting.Lifetime|INFO|Application started. Press Ctrl+C to shut down. 
2022-12-17 12:01:21.4738||||Microsoft.Hosting.Lifetime|INFO|Hosting environment: Development 
2022-12-17 12:01:21.4892||||Microsoft.Hosting.Lifetime|INFO|Content root path: C:\Users\User\src\CoffeCup.Web\ 
2022-12-17 12:02:06.9812||||Microsoft.Hosting.Lifetime|INFO|Application is shutting down... 
2022-12-17 12:02:19.3466||||Microsoft.Hosting.Lifetime|INFO|Now listening on: https://localhost:5001 
2022-12-17 12:02:19.4363||||Microsoft.Hosting.Lifetime|INFO|Now listening on: http://localhost:5000 
2022-12-17 12:02:19.4462||||Microsoft.Hosting.Lifetime|INFO|Application started. Press Ctrl+C to shut down. 
2022-12-17 12:02:19.4577||||Microsoft.Hosting.Lifetime|INFO|Hosting environment: Development 
2022-12-17 12:02:19.4577||||Microsoft.Hosting.Lifetime|INFO|Content root path: C:\Users\User\src\CoffeCup.Web\ 
2022-12-17 12:03:04.4680||||Microsoft.Hosting.Lifetime|INFO|Application is shutting down... 
2022-12-17 12:03:13.9735||||Microsoft.Hosting.Lifetime|INFO|Now listening on: https://localhost:5001 
2022-12-17 12:03:14.0710||||Microsoft.Hosting.Lifetime|INFO|Now listening on: http://localhost:5000 
2022-12-17 12:03:14.0840||||Microsoft.Hosting.Lifetime|INFO|Application started. Press Ctrl+C to shut down. 
2022-12-17 12:03:14.0840||||Microsoft.Hosting.Lifetime|INFO|Hosting environment: Development 
2022-12-17 12:03:14.0840||||Microsoft.Hosting.Lifetime|INFO|Content root path: C:\Users\User\src\CoffeCup.Web\ 
2022-12-17 12:04:18.2773||||Microsoft.Hosting.Lifetime|INFO|Application is shutting down... 
2022-12-17 12:04:26.3973||||Microsoft.Hosting.Lifetime|INFO|Now listening on: https://localhost:5001 
2022-12-17 12:04:26.4927||||Microsoft.Hosting.Lifetime|INFO|Now listening on: http://localhost:5000 
2022-12-17 12:04:26.5062||||Microsoft.Hosting.Lifetime|INFO|Application started. Press Ctrl+C to shut down. 
2022-12-17 12:04:26.5062||||Microsoft.Hosting.Lifetime|INFO|Hosting environment: Development 
2022-12-17 12:04:26.5062||||Microsoft.Hosting.Lifetime|INFO|Content root path: C:\Users\User\src\CoffeCup.Web\ 
2022-12-17 12:05:06.8031||||Microsoft.Hosting.Lifetime|INFO|Application is shutting down... 
2022-12-17 12:05:15.5712||||Microsoft.Hosting.Lifetime|INFO|Now listening on: https://localhost:5001 
2022-12-17 12:05:15.6740||||Microsoft.Hosting.Lifetime|INFO|Now listening on: http://localhost:5000 
2022-12-17 12:05:15.6848||||Microsoft.Hosting.Lifetime|INFO|Application started. Press Ctrl+C to shut down. 
2022-12-17 12:05:15.6848||||Microsoft.Hosting.Lifetime|INFO|Hosting environment: Development 
2022-12-17 12:05:15.6927||||Microsoft.Hosting.Lifetime|INFO|Content root path: C:\Users\User\src\CoffeCup.Web\ 
2022-12-17 12:05:52.8009||||Microsoft.Hosting.Lifetime|INFO|Application is shutting down... 
2022-12-17 12:06:53.8351||||Microsoft.Hosting.Lifetime|INFO|Now listening on: https://localhost:5001 
2022-12-17 12:06:53.9515||||Microsoft.Hosting.Lifetime|INFO|Now listening on: http://localhost:5000 
2022-12-17 12:06:53.9764||||Microsoft.Hosting.Lifetime|INFO|Application started. Press Ctrl+C to shut down. 
2022-12-17 12:06:53.9764||||Microsoft.Hosting.Lifetime|INFO|Hosting environment: Development 
2022-12-17 12:06:53.9979||||Microsoft.Hosting.Lifetime|INFO|Content root path: C:\Users\User\src\CoffeCup.Web\ 
2022-12-17 12:09:28.8505||||Microsoft.Hosting.Lifetime|INFO|Now listening on: https://localhost:5001 
2022-12-17 12:09:28.9930||||Microsoft.Hosting.Lifetime|INFO|Now listening on: http://localhost:5000 
2022-12-17 12:09:29.0652||||Microsoft.Hosting.Lifetime|INFO|Application started. Press Ctrl+C to shut down. 
2022-12-17 12:09:29.1095||||Microsoft.Hosting.Lifetime|INFO|Hosting environment: Development 
2022-12-17 12:09:29.1407||||Microsoft.Hosting.Lifetime|INFO|Content root path: C:\Users\User\src\CoffeCup.Web\ 
2022-12-17 12:10:11.5610||||Microsoft.Hosting.Lifetime|INFO|Application is shutting down... 
2022-12-17 12:10:30.4189||||Microsoft.Hosting.Lifetime|INFO|Now listening on: https://localhost:5001 
2022-12-17 12:10:30.5798||||Microsoft.Hosting.Lifetime|INFO|Now listening on: http://localhost:5000 
2022-12-17 12:10:30.6284||||Microsoft.Hosting.Lifetime|INFO|Application started. Press Ctrl+C to shut down. 
2022-12-17 12:10:30.6643||||Microsoft.Hosting.Lifetime|INFO|Hosting environment: Development 
2022-12-17 12:10:30.6821||||Microsoft.Hosting.Lifetime|INFO|Content root path: C:\Users\User\src\CoffeCup.Web\ 
2022-12-17 12:11:16.0878||||Microsoft.Hosting.Lifetime|INFO|Application is shutting down... 
2022-12-17 22:19:40.4989||||Microsoft.Hosting.Lifetime|INFO|Now listening on: https://localhost:5001 
2022-12-17 22:19:40.6098||||Microsoft.Hosting.Lifetime|INFO|Now listening on: http://localhost:5000 
2022-12-17 22:19:40.6450||||Microsoft.Hosting.Lifetime|INFO|Application started. Press Ctrl+C to shut down. 
2022-12-17 22:19:40.6479||||Microsoft.Hosting.Lifetime|INFO|Hosting environment: Development 
2022-12-17 22:19:40.6635||||Microsoft.Hosting.Lifetime|INFO|Content root path: C:\Users\User\src\CoffeCup.Web\ 
2022-12-17 22:22:23.1984||||Microsoft.Hosting.Lifetime|INFO|Application is shutting down... 
2022-12-17 22:22:55.1118||||Microsoft.Hosting.Lifetime|INFO|Now listening on: https://localhost:5001 
2022-12-17 22:22:55.1612||||Microsoft.Hosting.Lifetime|INFO|Now listening on: http://localhost:5000 
2022-12-17 22:22:55.1612||||Microsoft.Hosting.Lifetime|INFO|Application started. Press Ctrl+C to shut down. 
2022-12-17 22:22:55.1612||||Microsoft.Hosting.Lifetime|INFO|Hosting environment: Development 
2022-12-17 22:22:55.1612||||Microsoft.Hosting.Lifetime|INFO|Content root path: C:\Users\User\src\CoffeCup.Web\ 
2022-12-17 22:24:07.8005||||Microsoft.Hosting.Lifetime|INFO|Application is shutting down... 
2022-12-17 22:24:17.2045||||Microsoft.Hosting.Lifetime|INFO|Now listening on: https://localhost:5001 
2022-12-17 22:24:17.2791||||Microsoft.Hosting.Lifetime|INFO|Now listening on: http://localhost:5000 
2022-12-17 22:24:17.2862||||Microsoft.Hosting.Lifetime|INFO|Application started. Press Ctrl+C to shut down. 
2022-12-17 22:24:17.2862||||Microsoft.Hosting.Lifetime|INFO|Hosting environment: Development 
2022-12-17 22:24:17.3351||||Microsoft.Hosting.Lifetime|INFO|Content root path: C:\Users\User\src\CoffeCup.Web\ 
2022-12-17 22:24:58.8157||||Microsoft.Hosting.Lifetime|INFO|Application is shutting down... 
2022-12-17 22:25:06.7323||||Microsoft.Hosting.Lifetime|INFO|Now listening on: https://localhost:5001 
2022-12-17 22:25:06.8000||||Microsoft.Hosting.Lifetime|INFO|Now listening on: http://localhost:5000 
2022-12-17 22:25:06.8058||||Microsoft.Hosting.Lifetime|INFO|Application started. Press Ctrl+C to shut down. 
2022-12-17 22:25:06.8058||||Microsoft.Hosting.Lifetime|INFO|Hosting environment: Development 
2022-12-17 22:25:06.8058||||Microsoft.Hosting.Lifetime|INFO|Content root path: C:\Users\User\src\CoffeCup.Web\ 
2022-12-17 22:25:36.6467||||Microsoft.Hosting.Lifetime|INFO|Application is shutting down... 
2022-12-17 22:25:50.8303||||Microsoft.Hosting.Lifetime|INFO|Now listening on: https://localhost:5001 
2022-12-17 22:25:50.9010||||Microsoft.Hosting.Lifetime|INFO|Now listening on: http://localhost:5000 
2022-12-17 22:25:50.9010||||Microsoft.Hosting.Lifetime|INFO|Application started. Press Ctrl+C to shut down. 
2022-12-17 22:25:50.9010||||Microsoft.Hosting.Lifetime|INFO|Hosting environment: Development 
2022-12-17 22:25:50.9136||||Microsoft.Hosting.Lifetime|INFO|Content root path: C:\Users\User\src\CoffeCup.Web\ 
2022-12-17 22:30:18.4513||||Microsoft.Hosting.Lifetime|INFO|Application is shutting down... 
2022-12-17 22:30:31.6108||||Microsoft.Hosting.Lifetime|INFO|Now listening on: https://localhost:5001 
2022-12-17 22:30:31.6884||||Microsoft.Hosting.Lifetime|INFO|Now listening on: http://localhost:5000 
2022-12-17 22:30:31.6942||||Microsoft.Hosting.Lifetime|INFO|Application started. Press Ctrl+C to shut down. 
2022-12-17 22:30:31.6942||||Microsoft.Hosting.Lifetime|INFO|Hosting environment: Development 
2022-12-17 22:30:31.6942||||Microsoft.Hosting.Lifetime|INFO|Content root path: C:\Users\User\src\CoffeCup.Web\ 
2022-12-17 22:37:33.2952||||Microsoft.Hosting.Lifetime|INFO|Application is shutting down... 
2022-12-17 22:39:33.6470||||Microsoft.Hosting.Lifetime|INFO|Now listening on: https://localhost:5001 
2022-12-17 22:39:33.7165||||Microsoft.Hosting.Lifetime|INFO|Now listening on: http://localhost:5000 
2022-12-17 22:39:33.7269||||Microsoft.Hosting.Lifetime|INFO|Application started. Press Ctrl+C to shut down. 
2022-12-17 22:39:33.7269||||Microsoft.Hosting.Lifetime|INFO|Hosting environment: Development 
2022-12-17 22:39:33.7269||||Microsoft.Hosting.Lifetime|INFO|Content root path: C:\Users\User\src\CoffeCup.Web\ 
2022-12-17 22:43:28.7136||||Microsoft.Hosting.Lifetime|INFO|Application is shutting down... 
2022-12-17 22:43:47.2243||||Microsoft.Hosting.Lifetime|INFO|Now listening on: https://localhost:5001 
2022-12-17 22:43:47.3054||||Microsoft.Hosting.Lifetime|INFO|Now listening on: http://localhost:5000 
2022-12-17 22:43:47.3054||||Microsoft.Hosting.Lifetime|INFO|Application started. Press Ctrl+C to shut down. 
2022-12-17 22:43:47.3054||||Microsoft.Hosting.Lifetime|INFO|Hosting environment: Development 
2022-12-17 22:43:47.3054||||Microsoft.Hosting.Lifetime|INFO|Content root path: C:\Users\User\src\CoffeCup.Web\ 
2022-12-17 22:44:51.6708||||Microsoft.Hosting.Lifetime|INFO|Application is shutting down... 
