2022-12-18 14:02:54.0133||||Microsoft.Hosting.Lifetime|INFO|Now listening on: https://localhost:5001 
2022-12-18 14:02:54.0787||||Microsoft.Hosting.Lifetime|INFO|Now listening on: http://localhost:5000 
2022-12-18 14:02:54.0884||||Microsoft.Hosting.Lifetime|INFO|Application started. Press Ctrl+C to shut down. 
2022-12-18 14:02:54.0884||||Microsoft.Hosting.Lifetime|INFO|Hosting environment: Development 
2022-12-18 14:02:54.0884||||Microsoft.Hosting.Lifetime|INFO|Content root path: C:\Users\User\src\CoffeCup.Web\ 
2022-12-18 14:07:22.8603||||Microsoft.Hosting.Lifetime|INFO|Now listening on: https://localhost:5001 
2022-12-18 14:07:22.9316||||Microsoft.Hosting.Lifetime|INFO|Now listening on: http://localhost:5000 
2022-12-18 14:07:22.9316||||Microsoft.Hosting.Lifetime|INFO|Application started. Press Ctrl+C to shut down. 
2022-12-18 14:07:22.9437||||Microsoft.Hosting.Lifetime|INFO|Hosting environment: Development 
2022-12-18 14:07:22.9437||||Microsoft.Hosting.Lifetime|INFO|Content root path: C:\Users\User\src\CoffeCup.Web\ 
2022-12-18 14:35:14.4625||||Microsoft.Hosting.Lifetime|INFO|Application is shutting down... 
2022-12-18 14:37:18.6869||||Microsoft.Hosting.Lifetime|INFO|Now listening on: https://localhost:5001 
2022-12-18 14:37:18.7450||||Microsoft.Hosting.Lifetime|INFO|Now listening on: http://localhost:5000 
2022-12-18 14:37:18.7450||||Microsoft.Hosting.Lifetime|INFO|Application started. Press Ctrl+C to shut down. 
2022-12-18 14:37:18.7450||||Microsoft.Hosting.Lifetime|INFO|Hosting environment: Development 
2022-12-18 14:37:18.7450||||Microsoft.Hosting.Lifetime|INFO|Content root path: C:\Users\User\src\CoffeCup.Web\ 
2022-12-18 16:53:10.6688||||Microsoft.Hosting.Lifetime|INFO|Now listening on: https://localhost:5001 
2022-12-18 16:53:10.7767||||Microsoft.Hosting.Lifetime|INFO|Now listening on: http://localhost:5000 
2022-12-18 16:53:10.7767||||Microsoft.Hosting.Lifetime|INFO|Application started. Press Ctrl+C to shut down. 
2022-12-18 16:53:10.7950||||Microsoft.Hosting.Lifetime|INFO|Hosting environment: Development 
2022-12-18 16:53:10.7950||||Microsoft.Hosting.Lifetime|INFO|Content root path: C:\Users\User\src\CoffeCup.Web\ 
2022-12-18 16:53:40.9867||||Microsoft.Hosting.Lifetime|INFO|Application is shutting down... 
2022-12-18 16:53:58.6194||||Microsoft.Hosting.Lifetime|INFO|Now listening on: https://localhost:5001 
2022-12-18 16:53:58.7160||||Microsoft.Hosting.Lifetime|INFO|Now listening on: http://localhost:5000 
2022-12-18 16:53:58.7160||||Microsoft.Hosting.Lifetime|INFO|Application started. Press Ctrl+C to shut down. 
2022-12-18 16:53:58.7240||||Microsoft.Hosting.Lifetime|INFO|Hosting environment: Development 
2022-12-18 16:53:58.7240||||Microsoft.Hosting.Lifetime|INFO|Content root path: C:\Users\User\src\CoffeCup.Web\ 
2022-12-18 16:57:02.2137||||Microsoft.Hosting.Lifetime|INFO|Application is shutting down... 
2022-12-18 17:03:04.6668||||Microsoft.Hosting.Lifetime|INFO|Now listening on: https://localhost:5001 
2022-12-18 17:03:04.7572||||Microsoft.Hosting.Lifetime|INFO|Now listening on: http://localhost:5000 
2022-12-18 17:03:04.7572||||Microsoft.Hosting.Lifetime|INFO|Application started. Press Ctrl+C to shut down. 
2022-12-18 17:03:04.7865||||Microsoft.Hosting.Lifetime|INFO|Hosting environment: Development 
2022-12-18 17:03:04.8029||||Microsoft.Hosting.Lifetime|INFO|Content root path: C:\Users\User\src\CoffeCup.Web\ 
2022-12-18 17:04:16.5731||||Microsoft.Hosting.Lifetime|INFO|Application is shutting down... 
2022-12-18 17:04:24.1573||||Microsoft.Hosting.Lifetime|INFO|Now listening on: https://localhost:5001 
2022-12-18 17:04:24.2656||||Microsoft.Hosting.Lifetime|INFO|Now listening on: http://localhost:5000 
2022-12-18 17:04:24.2861||||Microsoft.Hosting.Lifetime|INFO|Application started. Press Ctrl+C to shut down. 
2022-12-18 17:04:24.2861||||Microsoft.Hosting.Lifetime|INFO|Hosting environment: Development 
2022-12-18 17:04:24.2861||||Microsoft.Hosting.Lifetime|INFO|Content root path: C:\Users\User\src\CoffeCup.Web\ 
2022-12-18 17:05:15.7624||||Microsoft.Hosting.Lifetime|INFO|Application is shutting down... 
2022-12-18 17:05:26.5009||||Microsoft.Hosting.Lifetime|INFO|Now listening on: https://localhost:5001 
2022-12-18 17:05:26.5824||||Microsoft.Hosting.Lifetime|INFO|Now listening on: http://localhost:5000 
2022-12-18 17:05:26.5824||||Microsoft.Hosting.Lifetime|INFO|Application started. Press Ctrl+C to shut down. 
2022-12-18 17:05:26.5824||||Microsoft.Hosting.Lifetime|INFO|Hosting environment: Development 
2022-12-18 17:05:26.5824||||Microsoft.Hosting.Lifetime|INFO|Content root path: C:\Users\User\src\CoffeCup.Web\ 
2022-12-18 17:09:21.0240||||Microsoft.Hosting.Lifetime|INFO|Application is shutting down... 
2022-12-18 17:09:32.6880||||Microsoft.Hosting.Lifetime|INFO|Now listening on: https://localhost:5001 
2022-12-18 17:09:32.7700||||Microsoft.Hosting.Lifetime|INFO|Now listening on: http://localhost:5000 
2022-12-18 17:09:32.7700||||Microsoft.Hosting.Lifetime|INFO|Application started. Press Ctrl+C to shut down. 
2022-12-18 17:09:32.8026||||Microsoft.Hosting.Lifetime|INFO|Hosting environment: Development 
2022-12-18 17:09:32.8026||||Microsoft.Hosting.Lifetime|INFO|Content root path: C:\Users\User\src\CoffeCup.Web\ 
2022-12-18 18:01:35.6515||||Microsoft.Hosting.Lifetime|INFO|Application is shutting down... 
2022-12-18 18:06:23.0158||||Microsoft.Hosting.Lifetime|INFO|Now listening on: https://localhost:5001 
2022-12-18 18:06:23.0777||||Microsoft.Hosting.Lifetime|INFO|Now listening on: http://localhost:5000 
2022-12-18 18:06:23.0837||||Microsoft.Hosting.Lifetime|INFO|Application started. Press Ctrl+C to shut down. 
2022-12-18 18:06:23.0837||||Microsoft.Hosting.Lifetime|INFO|Hosting environment: Development 
2022-12-18 18:06:23.0837||||Microsoft.Hosting.Lifetime|INFO|Content root path: C:\Users\User\src\CoffeCup.Web\ 
2022-12-18 18:06:51.6567||||Microsoft.Hosting.Lifetime|INFO|Application is shutting down... 
2022-12-18 18:09:46.6026||||Microsoft.Hosting.Lifetime|INFO|Now listening on: https://localhost:5001 
2022-12-18 18:09:46.7791||||Microsoft.Hosting.Lifetime|INFO|Now listening on: http://localhost:5000 
2022-12-18 18:09:46.8264||||Microsoft.Hosting.Lifetime|INFO|Application started. Press Ctrl+C to shut down. 
2022-12-18 18:09:46.8329||||Microsoft.Hosting.Lifetime|INFO|Hosting environment: Development 
2022-12-18 18:09:46.8329||||Microsoft.Hosting.Lifetime|INFO|Content root path: C:\Users\User\src\CoffeCup.Web\ 
2022-12-18 18:17:35.4753||||Microsoft.Hosting.Lifetime|INFO|Application is shutting down... 
2022-12-18 18:17:53.8830||||Microsoft.Hosting.Lifetime|INFO|Now listening on: https://localhost:5001 
2022-12-18 18:17:53.9845||||Microsoft.Hosting.Lifetime|INFO|Now listening on: http://localhost:5000 
2022-12-18 18:17:54.0095||||Microsoft.Hosting.Lifetime|INFO|Application started. Press Ctrl+C to shut down. 
2022-12-18 18:17:54.0095||||Microsoft.Hosting.Lifetime|INFO|Hosting environment: Development 
2022-12-18 18:17:54.0095||||Microsoft.Hosting.Lifetime|INFO|Content root path: C:\Users\User\src\CoffeCup.Web\ 
2022-12-18 18:18:10.9110||||Microsoft.Hosting.Lifetime|INFO|Application is shutting down... 
2022-12-18 19:42:04.9331||||Microsoft.Hosting.Lifetime|INFO|Now listening on: https://localhost:5001 
2022-12-18 19:42:05.0278||||Microsoft.Hosting.Lifetime|INFO|Now listening on: http://localhost:5000 
2022-12-18 19:42:05.0389||||Microsoft.Hosting.Lifetime|INFO|Application started. Press Ctrl+C to shut down. 
2022-12-18 19:42:05.0389||||Microsoft.Hosting.Lifetime|INFO|Hosting environment: Development 
2022-12-18 19:42:05.0389||||Microsoft.Hosting.Lifetime|INFO|Content root path: C:\Users\User\src\CoffeCup.Web\ 
2022-12-18 19:43:13.5599||||Microsoft.Hosting.Lifetime|INFO|Application is shutting down... 
2022-12-18 19:43:56.7729||||Microsoft.Hosting.Lifetime|INFO|Now listening on: https://localhost:5001 
2022-12-18 19:43:56.8707||||Microsoft.Hosting.Lifetime|INFO|Now listening on: http://localhost:5000 
2022-12-18 19:43:56.8947||||Microsoft.Hosting.Lifetime|INFO|Application started. Press Ctrl+C to shut down. 
2022-12-18 19:43:56.8947||||Microsoft.Hosting.Lifetime|INFO|Hosting environment: Development 
2022-12-18 19:43:56.8947||||Microsoft.Hosting.Lifetime|INFO|Content root path: C:\Users\User\src\CoffeCup.Web\ 
2022-12-18 19:45:31.8317||||Microsoft.Hosting.Lifetime|INFO|Application is shutting down... 
2022-12-18 19:45:53.9006||||Microsoft.Hosting.Lifetime|INFO|Now listening on: https://localhost:5001 
2022-12-18 19:45:54.0103||||Microsoft.Hosting.Lifetime|INFO|Now listening on: http://localhost:5000 
2022-12-18 19:45:54.0350||||Microsoft.Hosting.Lifetime|INFO|Application started. Press Ctrl+C to shut down. 
2022-12-18 19:45:54.0881||||Microsoft.Hosting.Lifetime|INFO|Hosting environment: Development 
2022-12-18 19:45:54.1234||||Microsoft.Hosting.Lifetime|INFO|Content root path: C:\Users\User\src\CoffeCup.Web\ 
2022-12-18 19:48:22.4523||||Microsoft.Hosting.Lifetime|INFO|Application is shutting down... 
2022-12-18 19:48:56.6156||||Microsoft.Hosting.Lifetime|INFO|Now listening on: https://localhost:5001 
2022-12-18 19:48:56.7270||||Microsoft.Hosting.Lifetime|INFO|Now listening on: http://localhost:5000 
2022-12-18 19:48:56.7270||||Microsoft.Hosting.Lifetime|INFO|Application started. Press Ctrl+C to shut down. 
2022-12-18 19:48:56.7928||||Microsoft.Hosting.Lifetime|INFO|Hosting environment: Development 
2022-12-18 19:48:56.8094||||Microsoft.Hosting.Lifetime|INFO|Content root path: C:\Users\User\src\CoffeCup.Web\ 
2022-12-18 19:51:52.9889||||Microsoft.Hosting.Lifetime|INFO|Application is shutting down... 
2022-12-18 19:52:09.7013||||Microsoft.Hosting.Lifetime|INFO|Now listening on: https://localhost:5001 
2022-12-18 19:52:09.8467||||Microsoft.Hosting.Lifetime|INFO|Now listening on: http://localhost:5000 
2022-12-18 19:52:09.8576||||Microsoft.Hosting.Lifetime|INFO|Application started. Press Ctrl+C to shut down. 
2022-12-18 19:52:09.8817||||Microsoft.Hosting.Lifetime|INFO|Hosting environment: Development 
2022-12-18 19:52:09.8980||||Microsoft.Hosting.Lifetime|INFO|Content root path: C:\Users\User\src\CoffeCup.Web\ 
2022-12-18 19:54:08.2084||||Microsoft.Hosting.Lifetime|INFO|Application is shutting down... 
2022-12-18 19:54:24.4408||||Microsoft.Hosting.Lifetime|INFO|Now listening on: https://localhost:5001 
2022-12-18 19:54:24.5587||||Microsoft.Hosting.Lifetime|INFO|Now listening on: http://localhost:5000 
2022-12-18 19:54:24.5694||||Microsoft.Hosting.Lifetime|INFO|Application started. Press Ctrl+C to shut down. 
2022-12-18 19:54:24.5694||||Microsoft.Hosting.Lifetime|INFO|Hosting environment: Development 
2022-12-18 19:54:24.6000||||Microsoft.Hosting.Lifetime|INFO|Content root path: C:\Users\User\src\CoffeCup.Web\ 
2022-12-18 19:57:45.1253||||Microsoft.Hosting.Lifetime|INFO|Application is shutting down... 
2022-12-18 19:58:03.6735||||Microsoft.Hosting.Lifetime|INFO|Now listening on: https://localhost:5001 
2022-12-18 19:58:03.7854||||Microsoft.Hosting.Lifetime|INFO|Now listening on: http://localhost:5000 
2022-12-18 19:58:03.8170||||Microsoft.Hosting.Lifetime|INFO|Application started. Press Ctrl+C to shut down. 
2022-12-18 19:58:03.8170||||Microsoft.Hosting.Lifetime|INFO|Hosting environment: Development 
2022-12-18 19:58:03.8588||||Microsoft.Hosting.Lifetime|INFO|Content root path: C:\Users\User\src\CoffeCup.Web\ 
2022-12-18 20:00:26.1866||||Microsoft.Hosting.Lifetime|INFO|Application is shutting down... 
2022-12-18 20:00:44.8735||||Microsoft.Hosting.Lifetime|INFO|Now listening on: https://localhost:5001 
2022-12-18 20:00:44.9726||||Microsoft.Hosting.Lifetime|INFO|Now listening on: http://localhost:5000 
2022-12-18 20:00:44.9818||||Microsoft.Hosting.Lifetime|INFO|Application started. Press Ctrl+C to shut down. 
2022-12-18 20:00:45.0173||||Microsoft.Hosting.Lifetime|INFO|Hosting environment: Development 
2022-12-18 20:00:45.0263||||Microsoft.Hosting.Lifetime|INFO|Content root path: C:\Users\User\src\CoffeCup.Web\ 
2022-12-18 20:03:24.0738||||Microsoft.Hosting.Lifetime|INFO|Application is shutting down... 
