2022-12-19 01:14:59.0003||||Microsoft.Hosting.Lifetime|INFO|Now listening on: https://localhost:5001 
2022-12-19 01:14:59.1011||||Microsoft.Hosting.Lifetime|INFO|Now listening on: http://localhost:5000 
2022-12-19 01:14:59.1154||||Microsoft.Hosting.Lifetime|INFO|Application started. Press Ctrl+C to shut down. 
2022-12-19 01:14:59.1154||||Microsoft.Hosting.Lifetime|INFO|Hosting environment: Development 
2022-12-19 01:14:59.1154||||Microsoft.Hosting.Lifetime|INFO|Content root path: C:\Users\User\src\CoffeCup.Web\ 
2022-12-19 01:16:15.3659||||Microsoft.Hosting.Lifetime|INFO|Application is shutting down... 
2022-12-19 01:16:30.6181||||Microsoft.Hosting.Lifetime|INFO|Now listening on: https://localhost:5001 
2022-12-19 01:16:30.6918||||Microsoft.Hosting.Lifetime|INFO|Now listening on: http://localhost:5000 
2022-12-19 01:16:30.6918||||Microsoft.Hosting.Lifetime|INFO|Application started. Press Ctrl+C to shut down. 
2022-12-19 01:16:30.6918||||Microsoft.Hosting.Lifetime|INFO|Hosting environment: Development 
2022-12-19 01:16:30.6918||||Microsoft.Hosting.Lifetime|INFO|Content root path: C:\Users\User\src\CoffeCup.Web\ 
2022-12-19 01:19:27.0657||||Microsoft.Hosting.Lifetime|INFO|Application is shutting down... 
2022-12-19 01:19:41.1270||||Microsoft.Hosting.Lifetime|INFO|Now listening on: https://localhost:5001 
2022-12-19 01:19:41.1823||||Microsoft.Hosting.Lifetime|INFO|Now listening on: http://localhost:5000 
2022-12-19 01:19:41.2210||||Microsoft.Hosting.Lifetime|INFO|Application started. Press Ctrl+C to shut down. 
2022-12-19 01:19:41.2390||||Microsoft.Hosting.Lifetime|INFO|Hosting environment: Development 
2022-12-19 01:19:41.2390||||Microsoft.Hosting.Lifetime|INFO|Content root path: C:\Users\User\src\CoffeCup.Web\ 
2022-12-19 01:20:40.9546||||Microsoft.Hosting.Lifetime|INFO|Application is shutting down... 
2022-12-19 01:20:53.9073||||Microsoft.Hosting.Lifetime|INFO|Now listening on: https://localhost:5001 
2022-12-19 01:20:53.9692||||Microsoft.Hosting.Lifetime|INFO|Now listening on: http://localhost:5000 
2022-12-19 01:20:53.9734||||Microsoft.Hosting.Lifetime|INFO|Application started. Press Ctrl+C to shut down. 
2022-12-19 01:20:53.9734||||Microsoft.Hosting.Lifetime|INFO|Hosting environment: Development 
2022-12-19 01:20:53.9734||||Microsoft.Hosting.Lifetime|INFO|Content root path: C:\Users\User\src\CoffeCup.Web\ 
2022-12-19 01:21:55.8424||||Microsoft.Hosting.Lifetime|INFO|Application is shutting down... 
2022-12-19 01:22:03.8863||||Microsoft.Hosting.Lifetime|INFO|Now listening on: https://localhost:5001 
2022-12-19 01:22:03.9742||||Microsoft.Hosting.Lifetime|INFO|Now listening on: http://localhost:5000 
2022-12-19 01:22:03.9742||||Microsoft.Hosting.Lifetime|INFO|Application started. Press Ctrl+C to shut down. 
2022-12-19 01:22:03.9868||||Microsoft.Hosting.Lifetime|INFO|Hosting environment: Development 
2022-12-19 01:22:03.9868||||Microsoft.Hosting.Lifetime|INFO|Content root path: C:\Users\User\src\CoffeCup.Web\ 
2022-12-19 01:24:31.5029||||Microsoft.Hosting.Lifetime|INFO|Application is shutting down... 
2022-12-19 01:24:45.1798||||Microsoft.Hosting.Lifetime|INFO|Now listening on: https://localhost:5001 
2022-12-19 01:24:45.2741||||Microsoft.Hosting.Lifetime|INFO|Now listening on: http://localhost:5000 
2022-12-19 01:24:45.2741||||Microsoft.Hosting.Lifetime|INFO|Application started. Press Ctrl+C to shut down. 
2022-12-19 01:24:45.2865||||Microsoft.Hosting.Lifetime|INFO|Hosting environment: Development 
2022-12-19 01:24:45.2865||||Microsoft.Hosting.Lifetime|INFO|Content root path: C:\Users\User\src\CoffeCup.Web\ 
2022-12-19 01:26:04.0235||||Microsoft.Hosting.Lifetime|INFO|Application is shutting down... 
2022-12-19 01:26:13.0275||||Microsoft.Hosting.Lifetime|INFO|Now listening on: https://localhost:5001 
2022-12-19 01:26:13.1446||||Microsoft.Hosting.Lifetime|INFO|Now listening on: http://localhost:5000 
2022-12-19 01:26:13.1751||||Microsoft.Hosting.Lifetime|INFO|Application started. Press Ctrl+C to shut down. 
2022-12-19 01:26:13.1945||||Microsoft.Hosting.Lifetime|INFO|Hosting environment: Development 
2022-12-19 01:26:13.1945||||Microsoft.Hosting.Lifetime|INFO|Content root path: C:\Users\User\src\CoffeCup.Web\ 
2022-12-19 01:28:14.9125||||Microsoft.Hosting.Lifetime|INFO|Application is shutting down... 
